H.sapiens_CHKA_choline_kinase_alpha_isoform_b
C.mydas_CHKA_choline_kinase_alpha
S.townsendi_CHKA_choline_kinase_alpha
G.gallus_CHKA_choline_kinase_alpha_isoform_X4
E.caballus_CHKA_choline_kinase_alpha_isoform_X4
F.catus_CHKA_choline_kinase_alpha_isoform_X8
X.laevis_chka.L_choline_kinase_alpha
S.salar_chka_choline_kinase_alpha_isoform_X1
S.salar_LOC106560813_choline_kinase_alpha_isoform_X2
D.rerio_chka_choline_kinase_alpha_isoform_X1
G.aculeatus_chka_choline_kinase_alpha
C.carcharias_chka_choline_kinase_alpha_isoform_X1
D.rerio_chka_choline_kinase_alpha_isoform_X1
D.rerio_chkb_cholineethanolamine_kinase
S.salar_LOC106561237_cholineethanolamine_kinase
S.salar_LOC123728132_cholineethanolamine_kinaselike
C.mydas_CHKB_cholineethanolamine_kinase_isoform_X1
C.carcharias_chkb_cholineethanolamine_kinase
S.townsendi_CHKB_cholineethanolamine_kinase
G.aculeatus_chkb_cholineethanolamine_kinase
H.sapiens_CHKB_cholineethanolamine_kinase
F.catus_CHKB_cholineethanolamine_kinase_isoform_X2
X.laevis_chkb.L_cholineethanolamine_kinase_isoform_X2
X.laevis_chkb.S_cholineethanolamine_kinase_isoform_X2
E.caballus_CHKB_cholineethanolamine_kinase_isoform_X3
G.gallus_ETNK1_ethanolamine_kinase_1_isoform_X1
D.rerio_etnk2_ethanolamine_kinase_2
D.rerio_etnk2_ethanolamine_kinase_2
H.sapiens_ETNK1_ethanolamine_kinase_1_isoform_A
F.catus_ETNK1_ethanolamine_kinase_1
S.townsendi_ETNK1_ethanolamine_kinase_1
C.carcharias_etnk1_ethanolamine_kinase_1_isoform_X2
E.caballus_ETNK1_ethanolamine_kinase_1
C.mydas_ETNK1_ethanolamine_kinase_1
S.salar_LOC106583121_ethanolamine_kinase_1like
S.salar_LOC106565623_ethanolamine_kinase_1like
G.aculeatus_etnk2_ethanolamine_kinase_2
D.rerio_etnk1_ethanolamine_kinase_1_isoform_X1
X.laevis_etnk1.S_ethanolamine_kinase_1
G.aculeatus_etnk1_ethanolamine_kinase_1
G.gallus_ETNK2_ethanolamine_kinase_2_isoform_X1
S.salar_LOC106609326_ethanolamine_kinase_1
F.catus_ETNK2_ethanolamine_kinase_2
S.townsendi_ETNK2_ethanolamine_kinase_2_isoform_X1
G.aculeatus_zgc:113516_ethanolamine_kinase_1
S.salar_zgc:113516_uncharacterized_protein_LOC100196783
C.carcharias_LOC121282821_ethanolamine_kinase_1like
S.salar_LOC106576151_ethanolamine_kinase_1like_isoform_X3
E.caballus_ETNK2_ethanolamine_kinase_2_isoform_X2
C.carcharias_LOC121282038_ethanolamine_kinase_1like_isoform_X1
X.laevis_etnk1.L_ethanolamine_kinase_1_isoform_X1
C.mydas_ETNK2_ethanolamine_kinase_2_isoform_X1
