H.sapiens_CHKA_choline_kinase_alpha_isoform_b	95.890	438	0	1	0.0	850	H.sapiens_CHKA_choline_kinase_alpha_isoform_b
C.mydas_CHKA_choline_kinase_alpha	76.253	459	94	4	0.0	711	C.mydas_CHKA_choline_kinase_alpha
S.townsendi_CHKA_choline_kinase_alpha	75.758	462	102	2	0.0	704	S.townsendi_CHKA_choline_kinase_alpha
G.gallus_CHKA_choline_kinase_alpha_isoform_X4	71.849	476	91	4	0.0	679	G.gallus_CHKA_choline_kinase_alpha_isoform_X4
E.caballus_CHKA_choline_kinase_alpha_isoform_X4	86.874	419	47	2	0.0	673	E.caballus_CHKA_choline_kinase_alpha_isoform_X4
F.catus_CHKA_choline_kinase_alpha_isoform_X8	89.855	414	37	2	0.0	662	F.catus_CHKA_choline_kinase_alpha_isoform_X8
X.laevis_chka.L_choline_kinase_alpha	76.455	378	88	1	0.0	621	X.laevis_chka.L_choline_kinase_alpha
S.salar_chka_choline_kinase_alpha_isoform_X1	72.944	377	101	1	0.0	591	S.salar_chka_choline_kinase_alpha_isoform_X1
S.salar_LOC106560813_choline_kinase_alpha_isoform_X2	71.618	377	106	1	0.0	582	S.salar_LOC106560813_choline_kinase_alpha_isoform_X2
D.rerio_chka_choline_kinase_alpha_isoform_X1	70.027	377	112	1	0.0	574	D.rerio_chka_choline_kinase_alpha_isoform_X1
G.aculeatus_chka_choline_kinase_alpha	68.848	382	118	1	0.0	562	G.aculeatus_chka_choline_kinase_alpha
C.carcharias_chka_choline_kinase_alpha_isoform_X1	69.048	378	115	2	0.0	553	C.carcharias_chka_choline_kinase_alpha_isoform_X1
D.rerio_chka_choline_kinase_alpha_isoform_X1	67.109	377	105	1	0.0	544	D.rerio_chka_choline_kinase_alpha_isoform_X1
D.rerio_chkb_cholineethanolamine_kinase	55.430	442	164	6	3.13e-175	501	D.rerio_chkb_cholineethanolamine_kinase
S.salar_LOC106561237_cholineethanolamine_kinase	57.538	398	137	2	1.18e-170	489	S.salar_LOC106561237_cholineethanolamine_kinase
S.salar_LOC123728132_cholineethanolamine_kinaselike	57.538	398	137	2	1.18e-170	489	S.salar_LOC123728132_cholineethanolamine_kinaselike
C.mydas_CHKB_cholineethanolamine_kinase_isoform_X1	61.942	381	123	2	3.54e-170	486	C.mydas_CHKB_cholineethanolamine_kinase_isoform_X1
C.carcharias_chkb_cholineethanolamine_kinase	61.662	373	124	1	7.82e-169	484	C.carcharias_chkb_cholineethanolamine_kinase
S.townsendi_CHKB_cholineethanolamine_kinase	61.580	367	121	2	6.10e-165	472	S.townsendi_CHKB_cholineethanolamine_kinase
G.aculeatus_chkb_cholineethanolamine_kinase	59.673	367	127	2	1.75e-163	473	G.aculeatus_chkb_cholineethanolamine_kinase
H.sapiens_CHKB_cholineethanolamine_kinase	60.218	367	121	4	1.02e-154	447	H.sapiens_CHKB_cholineethanolamine_kinase
F.catus_CHKB_cholineethanolamine_kinase_isoform_X2	58.856	367	126	4	1.52e-151	439	F.catus_CHKB_cholineethanolamine_kinase_isoform_X2
X.laevis_chkb.L_cholineethanolamine_kinase_isoform_X2	52.000	450	181	5	2.50e-151	440	X.laevis_chkb.L_cholineethanolamine_kinase_isoform_X2
X.laevis_chkb.S_cholineethanolamine_kinase_isoform_X2	53.211	436	168	4	3.25e-151	440	X.laevis_chkb.S_cholineethanolamine_kinase_isoform_X2
E.caballus_CHKB_cholineethanolamine_kinase_isoform_X3	53.354	328	108	4	6.74e-112	340	E.caballus_CHKB_cholineethanolamine_kinase_isoform_X3
G.gallus_ETNK1_ethanolamine_kinase_1_isoform_X1	31.378	392	210	13	8.10e-44	160	G.gallus_ETNK1_ethanolamine_kinase_1_isoform_X1
D.rerio_etnk2_ethanolamine_kinase_2	32.059	340	182	10	1.10e-42	157	D.rerio_etnk2_ethanolamine_kinase_2
D.rerio_etnk2_ethanolamine_kinase_2	32.059	340	182	10	1.10e-42	157	D.rerio_etnk2_ethanolamine_kinase_2
H.sapiens_ETNK1_ethanolamine_kinase_1_isoform_A	30.357	392	214	12	5.92e-42	155	H.sapiens_ETNK1_ethanolamine_kinase_1_isoform_A
F.catus_ETNK1_ethanolamine_kinase_1	30.102	392	215	12	1.09e-41	154	F.catus_ETNK1_ethanolamine_kinase_1
S.townsendi_ETNK1_ethanolamine_kinase_1	30.278	360	188	12	6.92e-41	152	S.townsendi_ETNK1_ethanolamine_kinase_1
C.carcharias_etnk1_ethanolamine_kinase_1_isoform_X2	30.595	353	182	12	1.10e-40	152	C.carcharias_etnk1_ethanolamine_kinase_1_isoform_X2
E.caballus_ETNK1_ethanolamine_kinase_1	29.545	396	212	13	1.96e-40	151	E.caballus_ETNK1_ethanolamine_kinase_1
C.mydas_ETNK1_ethanolamine_kinase_1	30.595	353	190	10	2.09e-40	151	C.mydas_ETNK1_ethanolamine_kinase_1
S.salar_LOC106583121_ethanolamine_kinase_1like	31.105	344	180	11	1.80e-39	149	S.salar_LOC106583121_ethanolamine_kinase_1like
S.salar_LOC106565623_ethanolamine_kinase_1like	30.836	347	177	12	2.12e-39	149	S.salar_LOC106565623_ethanolamine_kinase_1like
G.aculeatus_etnk2_ethanolamine_kinase_2	30.205	341	187	11	2.53e-39	148	G.aculeatus_etnk2_ethanolamine_kinase_2
D.rerio_etnk1_ethanolamine_kinase_1_isoform_X1	28.133	391	231	11	1.03e-38	146	D.rerio_etnk1_ethanolamine_kinase_1_isoform_X1
X.laevis_etnk1.S_ethanolamine_kinase_1	30.499	341	186	10	1.50e-38	146	X.laevis_etnk1.S_ethanolamine_kinase_1
G.aculeatus_etnk1_ethanolamine_kinase_1	29.750	400	221	15	2.38e-38	145	G.aculeatus_etnk1_ethanolamine_kinase_1
G.gallus_ETNK2_ethanolamine_kinase_2_isoform_X1	29.111	371	207	10	3.72e-38	145	G.gallus_ETNK2_ethanolamine_kinase_2_isoform_X1
S.salar_LOC106609326_ethanolamine_kinase_1	28.426	394	226	11	3.73e-37	142	S.salar_LOC106609326_ethanolamine_kinase_1
F.catus_ETNK2_ethanolamine_kinase_2	29.837	429	217	16	1.10e-36	141	F.catus_ETNK2_ethanolamine_kinase_2
S.townsendi_ETNK2_ethanolamine_kinase_2_isoform_X1	28.760	379	202	13	1.12e-36	142	S.townsendi_ETNK2_ethanolamine_kinase_2_isoform_X1
G.aculeatus_zgc:113516_ethanolamine_kinase_1	28.646	384	221	13	2.95e-36	140	G.aculeatus_zgc:113516_ethanolamine_kinase_1
S.salar_zgc:113516_uncharacterized_protein_LOC100196783	29.915	351	196	10	4.34e-36	139	S.salar_zgc:113516_uncharacterized_protein_LOC100196783
C.carcharias_LOC121282821_ethanolamine_kinase_1like	29.345	351	185	13	2.07e-35	139	C.carcharias_LOC121282821_ethanolamine_kinase_1like
S.salar_LOC106576151_ethanolamine_kinase_1like_isoform_X3	27.845	413	226	12	3.17e-34	134	S.salar_LOC106576151_ethanolamine_kinase_1like_isoform_X3
E.caballus_ETNK2_ethanolamine_kinase_2_isoform_X2	29.076	368	196	11	3.37e-34	134	E.caballus_ETNK2_ethanolamine_kinase_2_isoform_X2
C.carcharias_LOC121282038_ethanolamine_kinase_1like_isoform_X1	29.326	341	190	10	1.74e-33	136	C.carcharias_LOC121282038_ethanolamine_kinase_1like_isoform_X1
X.laevis_etnk1.L_ethanolamine_kinase_1_isoform_X1	26.835	395	189	11	1.45e-32	130	X.laevis_etnk1.L_ethanolamine_kinase_1_isoform_X1
C.mydas_ETNK2_ethanolamine_kinase_2_isoform_X1	28.771	358	189	11	4.26e-32	128	C.mydas_ETNK2_ethanolamine_kinase_2_isoform_X1
H.sapiens_ETNK2_ethanolamine_kinase_2_isoform_4	26.888	331	177	11	2.90e-20	95.5	H.sapiens_ETNK2_ethanolamine_kinase_2_isoform_4
D.rerio_zgc:113516_uncharacterized_protein_LOC541449	31.579	133	71	4	1.86e-13	70.1	D.rerio_zgc:113516_uncharacterized_protein_LOC541449
D.rerio_zgc:113516_uncharacterized_protein_LOC541449	47.500	40	21	0	1.03e-06	48.5	D.rerio_zgc:113516_uncharacterized_protein_LOC541449
D.rerio_tomm40_mitochondrial_import_receptor_subunit_TOM40_homolo	35.227	88	41	5	0.31	36.6	D.rerio_tomm40_mitochondrial_import_receptor_subunit_TOM40_homolo
S.salar_zfhx4_zinc_finger_homeobox_protein_4_isoform_X3	32.967	91	54	3	4.4	33.5	S.salar_zfhx4_zinc_finger_homeobox_protein_4_isoform_X3
G.gallus_RGS17_regulator_of_Gprotein_signaling_17_isoform_X1	58.065	31	13	0	5.8	32.3	G.gallus_RGS17_regulator_of_Gprotein_signaling_17_isoform_X1
